<?xml version="1.0" encoding="UTF-8"?>
<!-- Generated by org.testng.reporters.JUnitReportReporter -->
<testsuite hostname="LAPTOP-L4IJSUIS" failures="0" tests="1" name="TestSuites.timesheet" time="50.779" errors="0" timestamp="27 Jun 2022 04:07:57 GMT" skipped="0">
  <testcase classname="TestSuites.timesheet" name="testCases" time="50.779"/>
</testsuite> <!-- TestSuites.timesheet -->
